[debug] [2023-04-11T14:51:45.747Z] ----------------------------------------------------------------------
[debug] [2023-04-11T14:51:45.750Z] Command:       C:\Program Files\nodejs\node.exe C:\Users\adm\AppData\Roaming\npm\node_modules\firebase-tools\lib\bin\firebase.js init
[debug] [2023-04-11T14:51:45.751Z] CLI Version:   11.25.3
[debug] [2023-04-11T14:51:45.751Z] Platform:      win32
[debug] [2023-04-11T14:51:45.751Z] Node Version:  v18.12.1
[debug] [2023-04-11T14:51:45.754Z] Time:          Tue Apr 11 2023 14:51:45 GMT+0000 (GMT)
[debug] [2023-04-11T14:51:45.754Z] ----------------------------------------------------------------------
[debug] 
[debug] [2023-04-11T14:51:45.769Z] > command requires scopes: ["email","openid","https://www.googleapis.com/auth/cloudplatformprojects.readonly","https://www.googleapis.com/auth/firebase","https://www.googleapis.com/auth/cloud-platform"]
[debug] [2023-04-11T14:51:45.770Z] > authorizing via signed-in user (abdoelhamel359@gmail.com)
[info] 
     ######## #### ########  ######## ########     ###     ######  ########
     ##        ##  ##     ## ##       ##     ##  ##   ##  ##       ##
     ######    ##  ########  ######   ########  #########  ######  ######
     ##        ##  ##    ##  ##       ##     ## ##     ##       ## ##
     ##       #### ##     ## ######## ########  ##     ##  ######  ########

You're about to initialize a Firebase project in this directory:

  C:\Users\adm\Desktop\Nouveaudossier\greenHope\fillrouge\GreenHope

[info] 
=== Project Setup
[info] 
[info] First, let's associate this project directory with a Firebase project.
[info] You can create multiple project aliases by running firebase use --add, 
[info] but for now we'll just set up a default project.
[info] 
[debug] [2023-04-11T14:52:37.270Z] >>> [apiv2][query] GET https://firebase.googleapis.com/v1beta1/projects pageSize=100
[debug] [2023-04-11T14:52:37.989Z] <<< [apiv2][status] GET https://firebase.googleapis.com/v1beta1/projects 200
[debug] [2023-04-11T14:52:37.989Z] <<< [apiv2][body] GET https://firebase.googleapis.com/v1beta1/projects [omitted]
[info] i  Using project green-hope-23 (greenhope) 
[info] 
=== Database Setup
[info] i  database: ensuring required API firebasedatabase.googleapis.com is enabled... 
[debug] [2023-04-11T14:52:41.439Z] >>> [apiv2][query] GET https://serviceusage.googleapis.com/v1/projects/green-hope-23/services/firebasedatabase.googleapis.com [none]
[debug] [2023-04-11T14:52:41.439Z] >>> [apiv2][(partial)header] GET https://serviceusage.googleapis.com/v1/projects/green-hope-23/services/firebasedatabase.googleapis.com x-goog-quota-user=projects/green-hope-23
[debug] [2023-04-11T14:52:42.372Z] <<< [apiv2][status] GET https://serviceusage.googleapis.com/v1/projects/green-hope-23/services/firebasedatabase.googleapis.com 200
[debug] [2023-04-11T14:52:42.373Z] <<< [apiv2][body] GET https://serviceusage.googleapis.com/v1/projects/green-hope-23/services/firebasedatabase.googleapis.com [omitted]
[info] +  database: required API firebasedatabase.googleapis.com is enabled 
[info] 
[debug] [2023-04-11T14:52:42.374Z] >>> [apiv2][query] GET https://firebasedatabase.googleapis.com/v1beta/projects/green-hope-23/locations/-/instances/green-hope-23-default-rtdb [none]
[debug] [2023-04-11T14:52:42.822Z] <<< [apiv2][status] GET https://firebasedatabase.googleapis.com/v1beta/projects/green-hope-23/locations/-/instances/green-hope-23-default-rtdb 200
[debug] [2023-04-11T14:52:42.823Z] <<< [apiv2][body] GET https://firebasedatabase.googleapis.com/v1beta/projects/green-hope-23/locations/-/instances/green-hope-23-default-rtdb {"name":"projects/973503231826/locations/europe-west1/instances/green-hope-23-default-rtdb","project":"projects/973503231826","databaseUrl":"https://green-hope-23-default-rtdb.europe-west1.firebasedatabase.app","type":"DEFAULT_DATABASE","state":"ACTIVE"}
[info] 
[info] Firebase Realtime Database Security Rules allow you to define how your data should be
[info] structured and when your data can be read from and written to.
[info] 
[debug] [2023-04-11T14:52:52.807Z] >>> [apiv2][query] GET https://green-hope-23-default-rtdb.europe-west1.firebasedatabase.app/.settings/rules.json [none]
[debug] [2023-04-11T14:52:53.033Z] <<< [apiv2][status] GET https://green-hope-23-default-rtdb.europe-west1.firebasedatabase.app/.settings/rules.json 200
[debug] [2023-04-11T14:52:53.034Z] <<< [apiv2][body] GET https://green-hope-23-default-rtdb.europe-west1.firebasedatabase.app/.settings/rules.json [stream]
[info] +  Database Rules for green-hope-23-default-rtdb have been written to database.rules.json. 
[info] Future modifications to database.rules.json will update Realtime Database Security Rules when you run
[info] firebase deploy.
[info] 
=== Functions Setup
[debug] [2023-04-11T14:52:53.039Z] > command requires scopes: ["email","openid","https://www.googleapis.com/auth/cloudplatformprojects.readonly","https://www.googleapis.com/auth/firebase","https://www.googleapis.com/auth/cloud-platform"]
[debug] [2023-04-11T14:52:53.039Z] > authorizing via signed-in user (abdoelhamel359@gmail.com)
[debug] [2023-04-11T14:52:53.040Z] [iam] checking project green-hope-23 for permissions ["firebase.projects.get"]
[debug] [2023-04-11T14:52:53.040Z] >>> [apiv2][query] POST https://cloudresourcemanager.googleapis.com/v1/projects/green-hope-23:testIamPermissions [none]
[debug] [2023-04-11T14:52:53.040Z] >>> [apiv2][(partial)header] POST https://cloudresourcemanager.googleapis.com/v1/projects/green-hope-23:testIamPermissions x-goog-quota-user=projects/green-hope-23
[debug] [2023-04-11T14:52:53.040Z] >>> [apiv2][body] POST https://cloudresourcemanager.googleapis.com/v1/projects/green-hope-23:testIamPermissions {"permissions":["firebase.projects.get"]}
[debug] [2023-04-11T14:52:53.784Z] <<< [apiv2][status] POST https://cloudresourcemanager.googleapis.com/v1/projects/green-hope-23:testIamPermissions 200
[debug] [2023-04-11T14:52:53.785Z] <<< [apiv2][body] POST https://cloudresourcemanager.googleapis.com/v1/projects/green-hope-23:testIamPermissions {"permissions":["firebase.projects.get"]}
[debug] [2023-04-11T14:52:53.786Z] >>> [apiv2][query] GET https://serviceusage.googleapis.com/v1/projects/green-hope-23/services/cloudfunctions.googleapis.com [none]
[debug] [2023-04-11T14:52:53.786Z] >>> [apiv2][(partial)header] GET https://serviceusage.googleapis.com/v1/projects/green-hope-23/services/cloudfunctions.googleapis.com x-goog-quota-user=projects/green-hope-23
[debug] [2023-04-11T14:52:53.792Z] >>> [apiv2][query] GET https://serviceusage.googleapis.com/v1/projects/green-hope-23/services/runtimeconfig.googleapis.com [none]
[debug] [2023-04-11T14:52:53.793Z] >>> [apiv2][(partial)header] GET https://serviceusage.googleapis.com/v1/projects/green-hope-23/services/runtimeconfig.googleapis.com x-goog-quota-user=projects/green-hope-23
[debug] [2023-04-11T14:52:54.650Z] <<< [apiv2][status] GET https://serviceusage.googleapis.com/v1/projects/green-hope-23/services/cloudfunctions.googleapis.com 200
[debug] [2023-04-11T14:52:54.650Z] <<< [apiv2][body] GET https://serviceusage.googleapis.com/v1/projects/green-hope-23/services/cloudfunctions.googleapis.com [omitted]
[debug] [2023-04-11T14:52:54.664Z] <<< [apiv2][status] GET https://serviceusage.googleapis.com/v1/projects/green-hope-23/services/runtimeconfig.googleapis.com 200
[debug] [2023-04-11T14:52:54.664Z] <<< [apiv2][body] GET https://serviceusage.googleapis.com/v1/projects/green-hope-23/services/runtimeconfig.googleapis.com [omitted]
[info] Let's create a new codebase for your functions.
[info] A directory corresponding to the codebase will be created in your project
[info] with sample code pre-configured.

[info] See https://firebase.google.com/docs/functions/organize-functions for
[info] more information on organizing your functions using codebases.

[info] Functions can be deployed with firebase deploy.

[info] +  Wrote functions/package.json 
[info] +  Wrote functions/index.js 
[info] +  Wrote functions/.gitignore 
[info] 
=== Hosting Setup
[info] 
[info] Your public directory is the folder (relative to your project directory) that
[info] will contain Hosting assets to be uploaded with firebase deploy. If you
[info] have a build process for your assets, use your build's output directory.
[info] 
[info] +  Wrote public/404.html 
[debug] [2023-04-11T14:54:52.500Z] >>> [apiv2][query] GET https://www.gstatic.com/firebasejs/releases.json [none]
[debug] [2023-04-11T14:54:52.681Z] <<< [apiv2][status] GET https://www.gstatic.com/firebasejs/releases.json 200
[debug] [2023-04-11T14:54:52.681Z] <<< [apiv2][body] GET https://www.gstatic.com/firebasejs/releases.json {"current":{"version":"9.19.1","browserURL":"https://www.gstatic.com/firebasejs/9.19.1/firebase.js","packageURL":"https://www.gstatic.com/firebasejs/9.19.1/firebase.tgz"},"live":{"version":"9.19","browserURL":"https://www.gstatic.com/firebasejs/live/9.19/firebase.js","packageURL":"https://www.gstatic.com/firebasejs/live/9.19/firebase.tgz"},"components":{"analytics":"https://www.gstatic.com/firebasejs/9.19.1/firebase-analytics.js","app":"https://www.gstatic.com/firebasejs/9.19.1/firebase-app.js","app-check":"https://www.gstatic.com/firebasejs/9.19.1/firebase-app-check.js","auth":"https://www.gstatic.com/firebasejs/9.19.1/firebase-auth.js","auth/cordova":"https://www.gstatic.com/firebasejs/9.19.1/firebase-auth/cordova.js","auth/react-native":"https://www.gstatic.com/firebasejs/9.19.1/firebase-auth/react-native.js","functions":"https://www.gstatic.com/firebasejs/9.19.1/firebase-functions.js","firestore":"https://www.gstatic.com/firebasejs/9.19.1/firebase-firestore.js","firestore/lite":"https://www.gstatic.com/firebasejs/9.19.1/firebase-firestore/lite.js","installations":"https://www.gstatic.com/firebasejs/9.19.1/firebase-installations.js","storage":"https://www.gstatic.com/firebasejs/9.19.1/firebase-storage.js","performance":"https://www.gstatic.com/firebasejs/9.19.1/firebase-performance.js","remote-config":"https://www.gstatic.com/firebasejs/9.19.1/firebase-remote-config.js","messaging":"https://www.gstatic.com/firebasejs/9.19.1/firebase-messaging.js","messaging/sw":"https://www.gstatic.com/firebasejs/9.19.1/firebase-messaging/sw.js","database":"https://www.gstatic.com/firebasejs/9.19.1/firebase-database.js","firestore.memory":"https://www.gstatic.com/firebasejs/9.19.1/firebase-firestore.memory.js"}}
[info] +  Wrote public/index.html 
[info] 
[info] i  Detected a .git folder at C:\Users\adm\Desktop\Nouveaudossier\greenHope\fillrouge 
[info] i  Authorizing with GitHub to upload your service account to a GitHub repository's secrets store. 
[info] 
[info] Visit this URL on this device to log in:
[info] https://github.com/login/oauth/authorize?client_id=89cf50f02ac6aaed3484&state=1039478871&redirect_uri=http%3A%2F%2Flocalhost%3A9005&scope=read%3Auser%20repo%20public_repo
[info] 
[info] Waiting for authentication...
[debug] [2023-04-11T14:54:54.043Z] >>> [apiv2][query] POST https://github.com/login/oauth/access_token [none]
[debug] [2023-04-11T14:54:54.043Z] >>> [apiv2][body] POST https://github.com/login/oauth/access_token [stream]
[debug] [2023-04-11T14:54:54.519Z] <<< [apiv2][status] POST https://github.com/login/oauth/access_token 200
[debug] [2023-04-11T14:54:54.519Z] <<< [apiv2][body] POST https://github.com/login/oauth/access_token {"access_token":"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","token_type":"bearer","scope":"read:user,repo"}
[debug] [2023-04-11T14:54:54.535Z] >>> [apiv2][query] GET https://api.github.com/user [none]
[debug] [2023-04-11T14:54:54.978Z] <<< [apiv2][status] GET https://api.github.com/user 200
[debug] [2023-04-11T14:54:54.978Z] <<< [apiv2][body] GET https://api.github.com/user {"login":"abderrahmaneelhamel","id":112892674,"node_id":"U_kgDOBrqbAg","avatar_url":"https://avatars.githubusercontent.com/u/112892674?v=4","gravatar_id":"","url":"https://api.github.com/users/abderrahmaneelhamel","html_url":"https://github.com/abderrahmaneelhamel","followers_url":"https://api.github.com/users/abderrahmaneelhamel/followers","following_url":"https://api.github.com/users/abderrahmaneelhamel/following{/other_user}","gists_url":"https://api.github.com/users/abderrahmaneelhamel/gists{/gist_id}","starred_url":"https://api.github.com/users/abderrahmaneelhamel/starred{/owner}{/repo}","subscriptions_url":"https://api.github.com/users/abderrahmaneelhamel/subscriptions","organizations_url":"https://api.github.com/users/abderrahmaneelhamel/orgs","repos_url":"https://api.github.com/users/abderrahmaneelhamel/repos","events_url":"https://api.github.com/users/abderrahmaneelhamel/events{/privacy}","received_events_url":"https://api.github.com/users/abderrahmaneelhamel/received_events","type":"User","site_admin":false,"name":null,"company":null,"blog":"","location":null,"email":null,"hireable":null,"bio":null,"twitter_username":null,"public_repos":23,"public_gists":0,"followers":6,"following":5,"created_at":"2022-09-05T16:16:28Z","updated_at":"2023-03-10T15:23:28Z","private_gists":0,"total_private_repos":1,"owned_private_repos":0,"disk_usage":284847,"collaborators":0,"two_factor_authentication":false,"plan":{"name":"free","space":976562499,"collaborators":0,"private_repos":10000}}
[info] 
[info] +  Success! Logged into GitHub as abderrahmaneelhamel 
[info] 
